<?xml version="1.0" encoding="UTF-8"?>
<!-- Generated by org.testng.reporters.JUnitXMLReporter -->
<testsuite ignored="2" hostname="DESKTOP-AUTHA2K" failures="0" tests="2" name="Test" time="0.079" errors="0" timestamp="2021-12-24T08:34:50 IST">
  <testcase classname="tests.PriorityTestNG" name="Ta" time="0.012"/>
  <testcase classname="tests.PriorityTestNG" name="TD" time="0.001"/>
  <testcase classname="tests.PriorityTestNG" name="TE" time="0.0">
    <ignored/>
  </testcase> <!-- TE -->
  <testcase classname="tests.PriorityTestNG" name="Tb" time="0.0">
    <ignored/>
  </testcase> <!-- Tb -->
</testsuite> <!-- Test -->
