<?xml version="1.0" encoding="UTF-8"?>
<testng-results ignored="0" total="1" passed="1" failed="0" skipped="0">
  <reporter-output>
  </reporter-output>
  <suite started-at="2022-02-16T12:30:36 IST" name="Default suite" finished-at="2022-02-16T12:31:43 IST" duration-ms="66871">
    <groups>
    </groups>
    <test started-at="2022-02-16T12:30:36 IST" name="Default test" finished-at="2022-02-16T12:31:43 IST" duration-ms="66871">
      <class name="tests.TC02_AddEmployee">
        <test-method is-config="true" signature="BeforeSuite()[pri:0, instance:tests.TC02_AddEmployee@21282ed8]" started-at="2022-02-16T12:30:35 IST" name="BeforeSuite" finished-at="2022-02-16T12:30:36 IST" duration-ms="607" status="PASS">
          <reporter-output>
          </reporter-output>
        </test-method> <!-- BeforeSuite -->
        <test-method is-config="true" signature="launchBrowser(java.lang.reflect.Method)[pri:0, instance:tests.TC02_AddEmployee@21282ed8]" started-at="2022-02-16T12:30:36 IST" name="launchBrowser" finished-at="2022-02-16T12:30:44 IST" duration-ms="7917" status="PASS">
          <params>
            <param index="0">
              <value>
                <![CDATA[public void tests.TC02_AddEmployee.TC_02_AddEmployee() throws java.lang.InterruptedException]]>
              </value>
            </param>
          </params>
          <reporter-output>
          </reporter-output>
        </test-method> <!-- launchBrowser -->
        <test-method signature="TC_02_AddEmployee()[pri:0, instance:tests.TC02_AddEmployee@21282ed8]" started-at="2022-02-16T12:30:44 IST" name="TC_02_AddEmployee" finished-at="2022-02-16T12:31:41 IST" duration-ms="57365" status="PASS">
          <reporter-output>
          </reporter-output>
        </test-method> <!-- TC_02_AddEmployee -->
        <test-method is-config="true" signature="closeBrowser()[pri:0, instance:tests.TC02_AddEmployee@21282ed8]" started-at="2022-02-16T12:31:41 IST" name="closeBrowser" finished-at="2022-02-16T12:31:43 IST" duration-ms="1528" status="PASS">
          <reporter-output>
          </reporter-output>
        </test-method> <!-- closeBrowser -->
        <test-method is-config="true" signature="toEnd()[pri:0, instance:tests.TC02_AddEmployee@21282ed8]" started-at="2022-02-16T12:31:43 IST" name="toEnd" finished-at="2022-02-16T12:31:55 IST" duration-ms="11676" status="PASS">
          <reporter-output>
          </reporter-output>
        </test-method> <!-- toEnd -->
      </class> <!-- tests.TC02_AddEmployee -->
    </test> <!-- Default test -->
  </suite> <!-- Default suite -->
</testng-results>
